<?xml version="1.0" encoding="UTF-8"?>
<!-- Generated by org.testng.reporters.JUnitXMLReporter -->
<testsuite ignored="0" hostname="DESKTOP-07BODUM" failures="0" tests="6" name="TextBoxTest" time="0.157" errors="0" timestamp="2024-06-25T14:07:41 IST">
  <testcase classname="test.TextBoxTest" name="@BeforeTest getLaunchUrl" time="-1.719304661238E9">
    <failure type="org.testng.TestNGException" message="
Parameter &amp;apos;chrome&amp;apos; is required by BeforeTest on method getLaunchUrl but has not been marked @Optional or defined
in C:\Users\hp\.eclipse\AutomationTesting_Framework\testng.xml">
      <![CDATA[org.testng.TestNGException: 
Parameter 'chrome' is required by BeforeTest on method getLaunchUrl but has not been marked @Optional or defined
in C:\Users\hp\.eclipse\AutomationTesting_Framework\testng.xml
... Removed 21 stack frames]]>
    </failure>
  </testcase> <!-- @BeforeTest getLaunchUrl -->
  <testcase classname="baselibrary.Baselibrary" name="@AfterTest getFlush" time="-1.719304661385E9">
    <skipped/>
  </testcase> <!-- @AfterTest getFlush -->
  <testcase classname="test.TextBoxTest" name="clickonClose" time="0.0">
    <skipped/>
  </testcase> <!-- clickonClose -->
  <testcase classname="test.TextBoxTest" name="clickonPractice" time="0.0">
    <skipped/>
  </testcase> <!-- clickonPractice -->
  <testcase classname="test.TextBoxTest" name="clickonElement" time="0.0">
    <skipped/>
  </testcase> <!-- clickonElement -->
  <testcase classname="test.TextBoxTest" name="clickonTextBox" time="0.0">
    <skipped/>
  </testcase> <!-- clickonTextBox -->
  <testcase classname="test.TextBoxTest" name="fillDetails" time="0.0">
    <skipped/>
  </testcase> <!-- fillDetails -->
  <testcase classname="test.TextBoxTest" name="getValidate" time="0.0">
    <skipped/>
  </testcase> <!-- getValidate -->
</testsuite> <!-- TextBoxTest -->
